[Wed Jun  5 08:25:01 PM UTC 2024] Starting update_image.sh
[Wed Jun  5 08:25:01 PM UTC 2024] Copied image to repository
[Wed Jun  5 08:26:18 PM UTC 2024] Starting update_image.sh
[Wed Jun  5 08:26:18 PM UTC 2024] Copied image to repository
[Wed Jun  5 08:26:37 PM UTC 2024] Starting update_image.sh
[Wed Jun  5 08:26:37 PM UTC 2024] Copied image to repository
No local changes to save
On branch main
Your branch is up to date with 'origin/main'.

Changes not staged for commit:
  (use "git add <file>..." to update what will be committed)
  (use "git restore <file>..." to discard changes in working directory)
	modified:   update_image.log

no changes added to commit (use "git add" and/or "git commit -a")
git@github.com: Permission denied (publickey).
fatal: Could not read from remote repository.

Please make sure you have the correct access rights
and the repository exists.
error: Your local changes to the following files would be overwritten by merge:
	update_image.log
Please commit your changes or stash them before you merge.
Aborting
On branch main
Your branch is up to date with 'origin/main'.

Changes not staged for commit:
  (use "git add <file>..." to update what will be committed)
  (use "git restore <file>..." to discard changes in working directory)
	modified:   update_image.log

no changes added to commit (use "git add" and/or "git commit -a")
The stash entry is kept in case you need it again.
